{
  "stats": {
    "suites": 1,
    "tests": 2,
    "passes": 0,
    "pending": 0,
    "failures": 2,
    "start": "2025-06-06T20:07:01.691Z",
    "end": "2025-06-06T20:07:12.615Z",
    "duration": 10924,
    "testsRegistered": 2,
    "passPercent": 0,
    "pendingPercent": 0,
    "other": 0,
    "hasOther": false,
    "skipped": 0,
    "hasSkipped": false
  },
  "results": [
    {
      "uuid": "c5080876-151c-42a2-a611-fdbece7b531e",
      "title": "",
      "fullFile": "cypress/e2e/venue_create.cy.ts",
      "file": "cypress/e2e/venue_create.cy.ts",
      "beforeHooks": [],
      "afterHooks": [],
      "tests": [],
      "suites": [
        {
          "uuid": "c57605ae-dc6c-409f-b5a5-fb5014b8ce48",
          "title": "Venue Creation Page",
          "fullFile": "",
          "file": "",
          "beforeHooks": [],
          "afterHooks": [],
          "tests": [
            {
              "title": "should navigate to the \"Add New Venue\" page",
              "fullTitle": "Venue Creation Page should navigate to the \"Add New Venue\" page",
              "timedOut": null,
              "duration": 6364,
              "state": "failed",
              "speed": null,
              "pass": false,
              "fail": true,
              "pending": false,
              "context": null,
              "code": "cy.visit('/venues/new');\n// The behavior here depends on whether the route is protected and redirects.\n// If it redirects to login:\n// cy.url().should('include', '/login');\n// cy.contains('Login').should('be.visible'); // Check for an element on the login page\n// If it allows access (e.g., if withAuth HOC isn't perfectly blocking or if tests run unauthenticated):\n// Then check for elements on the Add New Venue page itself.\n// This part of the test might change based on how route protection behaves in the E2E environment.\n// For now, let's assume it might redirect OR show the form if protection isn't fully effective in test mode\n// A more robust test would handle both cases or ensure one specific behavior.\ncy.url().then(function (url) {\n    if (url.includes('/login')) {\n        cy.log('Redirected to login as expected for protected route.');\n        cy.contains('Login').should('be.visible');\n    }\n    else if (url.includes('/venues/new')) {\n        cy.log('Accessed /venues/new directly. Checking for form elements.');\n        cy.get('h1').contains('Add New Venue');\n        cy.get('form').should('be.visible');\n        cy.get('input[name=\"name\"]').should('be.visible'); // Example form field\n    }\n    else {\n        // Unexpected URL\n        cy.log(\"Unexpected URL: \".concat(url));\n        // Potentially fail if this happens\n        // throw new Error(`Unexpected URL: ${url}`);\n    }\n});",
              "err": {
                "message": "AssertionError: Timed out retrying after 4000ms: Expected to find element: `h1`, but never found it.",
                "estack": "AssertionError: Timed out retrying after 4000ms: Expected to find element: `h1`, but never found it.\n    at Context.eval (webpack://event_booking_platform_frontend/./cypress/e2e/venue_create.cy.ts:25:0)",
                "diff": null
              },
              "uuid": "78e53925-42a7-42d1-bfa3-cd08e2c24fe7",
              "parentUUID": "c57605ae-dc6c-409f-b5a5-fb5014b8ce48",
              "isHook": false,
              "skipped": false
            },
            {
              "title": "should show form fields if the \"Add New Venue\" page is accessed (even if not logged in)",
              "fullTitle": "Venue Creation Page should show form fields if the \"Add New Venue\" page is accessed (even if not logged in)",
              "timedOut": null,
              "duration": 4448,
              "state": "failed",
              "speed": null,
              "pass": false,
              "fail": true,
              "pending": false,
              "context": null,
              "code": "// This test assumes that even if submissions fail without auth, the form itself might be viewable.\n// Or, it tests the scenario where route protection might not be active during certain test setups.\ncy.visit('/venues/new');\n// If redirected to login, this part of the test won't run as intended.\n// This highlights the importance of deciding the exact behavior to test for E2E regarding auth.\n// For this subtask (Strategy 1), we are primarily checking if we can reach the page\n// and if it then redirects.\ncy.url().then(function (url) {\n    if (url.includes('/venues/new')) { // Only proceed if not redirected\n        cy.get('form').should('be.visible');\n        cy.get('label[for=\"name\"]').contains('Name');\n        cy.get('label[for=\"address\"]').contains('Address');\n        cy.get('label[for=\"capacity\"]').contains('Capacity');\n        cy.get('button[type=\"submit\"]').should('be.visible');\n    }\n    else if (url.includes('/login')) {\n        cy.log('Redirected to login. Form fields on /venues/new not directly testable without login.');\n        // This is an acceptable outcome for Strategy 1.\n    }\n    else {\n        cy.log(\"Landed on unexpected URL: \".concat(url, \" instead of /venues/new or /login\"));\n    }\n});",
              "err": {
                "message": "AssertionError: Timed out retrying after 4000ms: Expected to find element: `form`, but never found it.",
                "estack": "AssertionError: Timed out retrying after 4000ms: Expected to find element: `form`, but never found it.\n    at Context.eval (webpack://event_booking_platform_frontend/./cypress/e2e/venue_create.cy.ts:47:0)",
                "diff": null
              },
              "uuid": "b09450b0-78c6-4da0-b411-b9a6fe079225",
              "parentUUID": "c57605ae-dc6c-409f-b5a5-fb5014b8ce48",
              "isHook": false,
              "skipped": false
            }
          ],
          "suites": [],
          "passes": [],
          "failures": [
            "78e53925-42a7-42d1-bfa3-cd08e2c24fe7",
            "b09450b0-78c6-4da0-b411-b9a6fe079225"
          ],
          "pending": [],
          "skipped": [],
          "duration": 10812,
          "root": false,
          "rootEmpty": false,
          "_timeout": 2000
        }
      ],
      "passes": [],
      "failures": [],
      "pending": [],
      "skipped": [],
      "duration": 0,
      "root": true,
      "rootEmpty": true,
      "_timeout": 2000
    }
  ],
  "meta": {
    "mocha": {
      "version": "7.0.1"
    },
    "mochawesome": {
      "options": {
        "quiet": false,
        "reportFilename": "mochawesome",
        "saveHtml": false,
        "saveJson": true,
        "consoleReporter": "spec",
        "useInlineDiffs": false,
        "code": true
      },
      "version": "7.1.3"
    },
    "marge": {
      "options": {
        "reportDir": "cypress/results",
        "overwrite": false,
        "html": false,
        "json": true
      },
      "version": "6.2.0"
    }
  }
}
